<?xml version="1.0" encoding="utf-8"?><testsuites name="pytest tests"><testsuite name="pytest" errors="0" failures="0" skipped="0" tests="16" time="2.453" timestamp="2026-04-19T18:54:27.022533+00:00" hostname="agent-env-a6c7c7b0-5cf4-4640-8ef9-dbd2c4f9c19d"><testcase classname="backend.tests.test_analytics_search.TestAnalyticsEndpoint" name="test_analytics_returns_200" time="0.138" /><testcase classname="backend.tests.test_analytics_search.TestAnalyticsEndpoint" name="test_analytics_has_totals" time="0.119" /><testcase classname="backend.tests.test_analytics_search.TestAnalyticsEndpoint" name="test_analytics_has_subject_breakdown" time="0.114" /><testcase classname="backend.tests.test_analytics_search.TestAnalyticsEndpoint" name="test_analytics_has_note_type_breakdown" time="0.142" /><testcase classname="backend.tests.test_analytics_search.TestAnalyticsEndpoint" name="test_analytics_has_quiz_type_breakdown" time="0.114" /><testcase classname="backend.tests.test_analytics_search.TestAnalyticsEndpoint" name="test_analytics_has_activity_timeline" time="0.109" /><testcase classname="backend.tests.test_analytics_search.TestNotesSearchEndpoint" name="test_search_no_query_returns_all" time="0.155" /><testcase classname="backend.tests.test_analytics_search.TestNotesSearchEndpoint" name="test_search_empty_query_returns_all" time="0.136" /><testcase classname="backend.tests.test_analytics_search.TestNotesSearchEndpoint" name="test_search_by_subject" time="0.257" /><testcase classname="backend.tests.test_analytics_search.TestNotesSearchEndpoint" name="test_search_no_results" time="0.103" /><testcase classname="backend.tests.test_analytics_search.TestNotesSearchEndpoint" name="test_search_case_insensitive" time="0.373" /><testcase classname="backend.tests.test_analytics_search.TestExistingEndpoints" name="test_notes_endpoint" time="0.139" /><testcase classname="backend.tests.test_analytics_search.TestExistingEndpoints" name="test_planners_endpoint" time="0.115" /><testcase classname="backend.tests.test_analytics_search.TestExistingEndpoints" name="test_practices_endpoint" time="0.108" /><testcase classname="backend.tests.test_analytics_search.TestExistingEndpoints" name="test_exam_planners_endpoint" time="0.107" /><testcase classname="backend.tests.test_analytics_search.TestExistingEndpoints" name="test_history_endpoint" time="0.156" /></testsuite></testsuites>