<?xml version="1.0" encoding="utf-8"?><testsuites name="pytest tests"><testsuite name="pytest" errors="0" failures="0" skipped="0" tests="31" time="9.780" timestamp="2026-04-20T18:34:10.973538+00:00" hostname="agent-env-a6c7c7b0-5cf4-4640-8ef9-dbd2c4f9c19d"><testcase classname="backend.tests.test_auth_features.TestAuthEndpoints" name="test_login_success_admin" time="0.381" /><testcase classname="backend.tests.test_auth_features.TestAuthEndpoints" name="test_login_wrong_password" time="0.332" /><testcase classname="backend.tests.test_auth_features.TestAuthEndpoints" name="test_login_nonexistent_user" time="0.132" /><testcase classname="backend.tests.test_auth_features.TestAuthEndpoints" name="test_get_me_with_auth" time="0.388" /><testcase classname="backend.tests.test_auth_features.TestAuthEndpoints" name="test_get_me_without_auth" time="0.123" /><testcase classname="backend.tests.test_auth_features.TestAuthEndpoints" name="test_logout" time="0.454" /><testcase classname="backend.tests.test_auth_features.TestAuthEndpoints" name="test_register_new_user" time="0.377" /><testcase classname="backend.tests.test_auth_features.TestAuthEndpoints" name="test_register_duplicate_email" time="0.128" /><testcase classname="backend.tests.test_auth_features.TestAuthEndpoints" name="test_register_short_password" time="0.126" /><testcase classname="backend.tests.test_auth_features.TestAuthEndpoints" name="test_refresh_token" time="0.459" /><testcase classname="backend.tests.test_auth_features.TestGoalsEndpoints" name="test_get_goals_requires_auth" time="0.155" /><testcase classname="backend.tests.test_auth_features.TestGoalsEndpoints" name="test_get_goals_authenticated" time="0.375" /><testcase classname="backend.tests.test_auth_features.TestGoalsEndpoints" name="test_create_goal" time="0.399" /><testcase classname="backend.tests.test_auth_features.TestGoalsEndpoints" name="test_update_goal_progress" time="0.514" /><testcase classname="backend.tests.test_auth_features.TestGoalsEndpoints" name="test_delete_goal" time="0.517" /><testcase classname="backend.tests.test_auth_features.TestPomodoroEndpoints" name="test_get_pomodoro_requires_auth" time="0.107" /><testcase classname="backend.tests.test_auth_features.TestPomodoroEndpoints" name="test_get_pomodoro_sessions" time="0.400" /><testcase classname="backend.tests.test_auth_features.TestPomodoroEndpoints" name="test_log_pomodoro_session" time="0.417" /><testcase classname="backend.tests.test_auth_features.TestBookmarksConfidenceEndpoints" name="test_toggle_bookmark_requires_auth" time="0.121" /><testcase classname="backend.tests.test_auth_features.TestBookmarksConfidenceEndpoints" name="test_toggle_bookmark_nonexistent" time="0.415" /><testcase classname="backend.tests.test_auth_features.TestBookmarksConfidenceEndpoints" name="test_set_confidence_requires_auth" time="0.100" /><testcase classname="backend.tests.test_auth_features.TestBookmarksConfidenceEndpoints" name="test_set_confidence_invalid_level" time="0.460" /><testcase classname="backend.tests.test_auth_features.TestBookmarksConfidenceEndpoints" name="test_get_bookmarked_items" time="0.412" /><testcase classname="backend.tests.test_auth_features.TestBulkDeleteEndpoint" name="test_bulk_delete_requires_auth" time="0.109" /><testcase classname="backend.tests.test_auth_features.TestBulkDeleteEndpoint" name="test_bulk_delete_empty_ids" time="0.401" /><testcase classname="backend.tests.test_auth_features.TestBulkDeleteEndpoint" name="test_bulk_delete_nonexistent_ids" time="0.425" /><testcase classname="backend.tests.test_auth_features.TestProtectedRoutes" name="test_notes_public_access" time="0.135" /><testcase classname="backend.tests.test_auth_features.TestProtectedRoutes" name="test_analytics_public_access" time="0.117" /><testcase classname="backend.tests.test_auth_features.TestDataMigration" name="test_existing_notes_accessible" time="0.413" /><testcase classname="backend.tests.test_auth_features.TestDataMigration" name="test_existing_planners_accessible" time="0.391" /><testcase classname="backend.tests.test_auth_features.TestDataMigration" name="test_existing_practices_accessible" time="0.386" /></testsuite></testsuites>