<?xml version="1.0" encoding="utf-8"?><testsuites name="pytest tests"><testsuite name="pytest" errors="0" failures="0" skipped="0" tests="19" time="380.186" timestamp="2026-04-03T09:45:26.285645+00:00" hostname="agent-env-a6c7c7b0-5cf4-4640-8ef9-dbd2c4f9c19d"><testcase classname="backend.tests.test_enhanced_notes.TestEnhancedNotesGeneration" name="test_api_health" time="0.291" /><testcase classname="backend.tests.test_enhanced_notes.TestEnhancedNotesGeneration" name="test_generate_notes_with_difficulty_easy" time="22.327" /><testcase classname="backend.tests.test_enhanced_notes.TestEnhancedNotesGeneration" name="test_generate_notes_with_difficulty_medium" time="16.157" /><testcase classname="backend.tests.test_enhanced_notes.TestEnhancedNotesGeneration" name="test_generate_notes_with_difficulty_hard" time="53.306" /><testcase classname="backend.tests.test_enhanced_notes.TestEnhancedNotesGeneration" name="test_generate_notes_default_values" time="20.355" /><testcase classname="backend.tests.test_enhanced_notes.TestEnhancedNotesGeneration" name="test_generate_notes_invalid_difficulty_fallback" time="27.850" /><testcase classname="backend.tests.test_enhanced_notes.TestNoteContentStructure" name="test_note_content_has_required_sections" time="20.420" /><testcase classname="backend.tests.test_enhanced_notes.TestNoteContentStructure" name="test_key_points_has_minimum_5_items" time="29.934" /><testcase classname="backend.tests.test_enhanced_notes.TestNoteContentStructure" name="test_main_content_structure" time="23.533" /><testcase classname="backend.tests.test_enhanced_notes.TestNoteContentStructure" name="test_introduction_and_summary_are_strings" time="12.552" /><testcase classname="backend.tests.test_enhanced_notes.TestHistoryWithEnhancedNotes" name="test_history_returns_notes_with_difficulty_and_type" time="0.103" /><testcase classname="backend.tests.test_enhanced_notes.TestHistoryWithEnhancedNotes" name="test_history_note_data_has_new_structure" time="0.121" /><testcase classname="backend.tests.test_enhanced_notes.TestFormValidation" name="test_missing_subject_returns_error" time="0.097" /><testcase classname="backend.tests.test_enhanced_notes.TestFormValidation" name="test_missing_chapter_returns_error" time="0.097" /><testcase classname="backend.tests.test_enhanced_notes.TestFormValidation" name="test_empty_subject_generates_notes" time="14.969" /><testcase classname="backend.tests.test_enhanced_notes.TestGetNoteById" name="test_get_note_by_id_returns_full_structure" time="59.444" /><testcase classname="backend.tests.test_enhanced_notes.TestAllNoteTypes" name="test_quick_revision_note_type" time="7.327" /><testcase classname="backend.tests.test_enhanced_notes.TestAllNoteTypes" name="test_detailed_note_type" time="36.045" /><testcase classname="backend.tests.test_enhanced_notes.TestAllNoteTypes" name="test_exam_focused_note_type" time="35.157" /></testsuite></testsuites>