<?xml version="1.0" encoding="utf-8"?><testsuites name="pytest tests"><testsuite name="pytest" errors="0" failures="1" skipped="0" tests="14" time="212.063" timestamp="2026-04-20T18:11:33.003332+00:00" hostname="agent-env-a6c7c7b0-5cf4-4640-8ef9-dbd2c4f9c19d"><testcase classname="backend.tests.test_new_features_v2.TestPracticeDifficulty" name="test_practice_generate_accepts_difficulty_field" time="11.564" /><testcase classname="backend.tests.test_new_features_v2.TestPracticeDifficulty" name="test_practice_generate_with_mixed_difficulty" time="16.466" /><testcase classname="backend.tests.test_new_features_v2.TestPracticeDifficulty" name="test_practice_generate_with_hard_difficulty" time="22.743" /><testcase classname="backend.tests.test_new_features_v2.TestBulkNotesOperations" name="test_get_notes_returns_list" time="38.538" /><testcase classname="backend.tests.test_new_features_v2.TestBulkNotesOperations" name="test_delete_single_note" time="36.348" /><testcase classname="backend.tests.test_new_features_v2.TestBulkNotesOperations" name="test_update_note_with_tags" time="36.655" /><testcase classname="backend.tests.test_new_features_v2.TestAIRecommendations" name="test_recommendations_endpoint_exists" time="30.080"><failure message="requests.exceptions.ReadTimeout: HTTPSConnectionPool(host='learn-guide-13.preview.emergentagent.com', port=443): Read timed out. (read timeout=30)">/root/.venv/lib/python3.11/site-packages/urllib3/connectionpool.py:534: in _make_request
    response = conn.getresponse()
               ^^^^^^^^^^^^^^^^^^
/root/.venv/lib/python3.11/site-packages/urllib3/connection.py:571: in getresponse
    httplib_response = super().getresponse()
                       ^^^^^^^^^^^^^^^^^^^^^
/usr/local/lib/python3.11/http/client.py:1415: in getresponse
    response.begin()
/usr/local/lib/python3.11/http/client.py:330: in begin
    version, status, reason = self._read_status()
                              ^^^^^^^^^^^^^^^^^^^
/usr/local/lib/python3.11/http/client.py:291: in _read_status
    line = str(self.fp.readline(_MAXLINE + 1), "iso-8859-1")
               ^^^^^^^^^^^^^^^^^^^^^^^^^^^^^^
/usr/local/lib/python3.11/socket.py:718: in readinto
    return self._sock.recv_into(b)
           ^^^^^^^^^^^^^^^^^^^^^^^
/usr/local/lib/python3.11/ssl.py:1314: in recv_into
    return self.read(nbytes, buffer)
           ^^^^^^^^^^^^^^^^^^^^^^^^^
/usr/local/lib/python3.11/ssl.py:1166: in read
    return self._sslobj.read(len, buffer)
           ^^^^^^^^^^^^^^^^^^^^^^^^^^^^^^
E   TimeoutError: The read operation timed out

The above exception was the direct cause of the following exception:
/root/.venv/lib/python3.11/site-packages/requests/adapters.py:644: in send
    resp = conn.urlopen(
/root/.venv/lib/python3.11/site-packages/urllib3/connectionpool.py:841: in urlopen
    retries = retries.increment(
/root/.venv/lib/python3.11/site-packages/urllib3/util/retry.py:490: in increment
    raise reraise(type(error), error, _stacktrace)
          ^^^^^^^^^^^^^^^^^^^^^^^^^^^^^^^^^^^^^^^^
/root/.venv/lib/python3.11/site-packages/urllib3/util/util.py:39: in reraise
    raise value
/root/.venv/lib/python3.11/site-packages/urllib3/connectionpool.py:787: in urlopen
    response = self._make_request(
/root/.venv/lib/python3.11/site-packages/urllib3/connectionpool.py:536: in _make_request
    self._raise_timeout(err=e, url=url, timeout_value=read_timeout)
/root/.venv/lib/python3.11/site-packages/urllib3/connectionpool.py:367: in _raise_timeout
    raise ReadTimeoutError(
E   urllib3.exceptions.ReadTimeoutError: HTTPSConnectionPool(host='learn-guide-13.preview.emergentagent.com', port=443): Read timed out. (read timeout=30)

During handling of the above exception, another exception occurred:
backend/tests/test_new_features_v2.py:166: in test_recommendations_endpoint_exists
    response = requests.get(f"{BASE_URL}/api/analytics/recommendations", timeout=30)
               ^^^^^^^^^^^^^^^^^^^^^^^^^^^^^^^^^^^^^^^^^^^^^^^^^^^^^^^^^^^^^^^^^^^^^
/root/.venv/lib/python3.11/site-packages/requests/api.py:73: in get
    return request("get", url, params=params, **kwargs)
           ^^^^^^^^^^^^^^^^^^^^^^^^^^^^^^^^^^^^^^^^^^^^
/root/.venv/lib/python3.11/site-packages/requests/api.py:59: in request
    return session.request(method=method, url=url, **kwargs)
           ^^^^^^^^^^^^^^^^^^^^^^^^^^^^^^^^^^^^^^^^^^^^^^^^^
/root/.venv/lib/python3.11/site-packages/requests/sessions.py:589: in request
    resp = self.send(prep, **send_kwargs)
           ^^^^^^^^^^^^^^^^^^^^^^^^^^^^^^
/root/.venv/lib/python3.11/site-packages/requests/sessions.py:703: in send
    r = adapter.send(request, **kwargs)
        ^^^^^^^^^^^^^^^^^^^^^^^^^^^^^^^
/root/.venv/lib/python3.11/site-packages/requests/adapters.py:690: in send
    raise ReadTimeout(e, request=request)
E   requests.exceptions.ReadTimeout: HTTPSConnectionPool(host='learn-guide-13.preview.emergentagent.com', port=443): Read timed out. (read timeout=30)</failure></testcase><testcase classname="backend.tests.test_new_features_v2.TestAIRecommendations" name="test_recommendations_with_data" time="18.111" /><testcase classname="backend.tests.test_new_features_v2.TestExistingFeatures" name="test_analytics_endpoint" time="0.145" /><testcase classname="backend.tests.test_new_features_v2.TestExistingFeatures" name="test_notes_search" time="0.146" /><testcase classname="backend.tests.test_new_features_v2.TestExistingFeatures" name="test_practices_endpoint" time="0.132" /><testcase classname="backend.tests.test_new_features_v2.TestExistingFeatures" name="test_streaks_in_analytics" time="0.189" /><testcase classname="backend.tests.test_new_features_v2.TestCleanup" name="test_cleanup_test_practices" time="0.488" /><testcase classname="backend.tests.test_new_features_v2.TestCleanup" name="test_cleanup_test_notes" time="0.131" /></testsuite></testsuites>