<?xml version="1.0" encoding="utf-8"?><testsuites name="pytest tests"><testsuite name="pytest" errors="0" failures="0" skipped="0" tests="15" time="4.964" timestamp="2026-04-19T19:04:59.968117+00:00" hostname="agent-env-a6c7c7b0-5cf4-4640-8ef9-dbd2c4f9c19d"><testcase classname="backend.tests.test_new_features.TestNoteUpdate" name="test_update_subject_field" time="0.610" /><testcase classname="backend.tests.test_new_features.TestNoteUpdate" name="test_update_chapter_field" time="0.441" /><testcase classname="backend.tests.test_new_features.TestNoteUpdate" name="test_update_tags_array" time="0.593" /><testcase classname="backend.tests.test_new_features.TestNoteUpdate" name="test_update_empty_body_returns_400" time="0.243" /><testcase classname="backend.tests.test_new_features.TestNoteUpdate" name="test_update_nonexistent_note_returns_404" time="0.273" /><testcase classname="backend.tests.test_new_features.TestShareNote" name="test_share_returns_share_id" time="0.263" /><testcase classname="backend.tests.test_new_features.TestShareNote" name="test_share_is_idempotent" time="0.348" /><testcase classname="backend.tests.test_new_features.TestShareNote" name="test_share_nonexistent_note_returns_404" time="0.259" /><testcase classname="backend.tests.test_new_features.TestGetSharedNote" name="test_get_shared_note_returns_note" time="0.392" /><testcase classname="backend.tests.test_new_features.TestGetSharedNote" name="test_get_shared_invalid_id_returns_404" time="0.340" /><testcase classname="backend.tests.test_new_features.TestFlashcards" name="test_flashcards_returns_cards_array" time="0.246" /><testcase classname="backend.tests.test_new_features.TestFlashcards" name="test_flashcards_includes_note_metadata" time="0.228" /><testcase classname="backend.tests.test_new_features.TestFlashcards" name="test_flashcards_nonexistent_note_returns_404" time="0.268" /><testcase classname="backend.tests.test_new_features.TestGetTags" name="test_get_tags_returns_array" time="0.114" /><testcase classname="backend.tests.test_new_features.TestGetTags" name="test_get_tags_returns_sorted_unique_tags" time="0.252" /></testsuite></testsuites>