<?xml version="1.0" encoding="utf-8"?><testsuites name="pytest tests"><testsuite name="pytest" errors="0" failures="1" skipped="0" tests="15" time="114.840" timestamp="2026-04-04T18:31:09.465724+00:00" hostname="agent-env-a6c7c7b0-5cf4-4640-8ef9-dbd2c4f9c19d"><testcase classname="backend.tests.test_practice_multi_type.TestPracticeMultiTypeGeneration" name="test_api_health" time="0.194" /><testcase classname="backend.tests.test_practice_multi_type.TestPracticeMultiTypeGeneration" name="test_generate_mixed_type_practice" time="0.670"><failure message="AssertionError: Expected 200, got 500: Internal Server Error&#10;assert 500 == 200&#10; +  where 500 = &lt;Response [500]&gt;.status_code">backend/tests/test_practice_multi_type.py:51: in test_generate_mixed_type_practice
    assert response.status_code == 200, f"Expected 200, got {response.status_code}: {response.text}"
E   AssertionError: Expected 200, got 500: Internal Server Error
E   assert 500 == 200
E    +  where 500 = &lt;Response [500]&gt;.status_code</failure></testcase><testcase classname="backend.tests.test_practice_multi_type.TestPracticeMultiTypeGeneration" name="test_generate_mcq_only_practice" time="10.772" /><testcase classname="backend.tests.test_practice_multi_type.TestPracticeMultiTypeGeneration" name="test_generate_true_false_practice" time="6.777" /><testcase classname="backend.tests.test_practice_multi_type.TestPracticeMultiTypeGeneration" name="test_generate_numerical_practice" time="6.496" /><testcase classname="backend.tests.test_practice_multi_type.TestPracticeMultiTypeGeneration" name="test_generate_short_answer_practice" time="14.124" /><testcase classname="backend.tests.test_practice_multi_type.TestPracticeMultiTypeGeneration" name="test_generate_long_answer_practice" time="35.974" /><testcase classname="backend.tests.test_practice_multi_type.TestPracticeMultiTypeGeneration" name="test_default_question_type_is_mixed" time="14.082" /><testcase classname="backend.tests.test_practice_multi_type.TestPracticeMultiTypeGeneration" name="test_invalid_question_type_defaults_to_mixed" time="14.297" /><testcase classname="backend.tests.test_practice_multi_type.TestPracticeHistoryWithQuestionType" name="test_history_practice_includes_question_type" time="0.170" /><testcase classname="backend.tests.test_practice_multi_type.TestPracticeHistoryWithQuestionType" name="test_history_practice_data_includes_question_type" time="0.119" /><testcase classname="backend.tests.test_practice_multi_type.TestGetAndDeletePractices" name="test_get_all_practices" time="0.106" /><testcase classname="backend.tests.test_practice_multi_type.TestGetAndDeletePractices" name="test_delete_practice" time="10.551" /><testcase classname="backend.tests.test_practice_multi_type.TestGetAndDeletePractices" name="test_delete_nonexistent_practice" time="0.132" /><testcase classname="backend.tests.test_practice_multi_type.TestBackwardCompatibility" name="test_old_tests_without_question_type_render_as_mcq" time="0.098" /></testsuite></testsuites>