<?xml version="1.0" encoding="utf-8"?><testsuites name="pytest tests"><testsuite name="pytest" errors="0" failures="0" skipped="0" tests="10" time="1.523" timestamp="2026-04-19T19:16:14.578446+00:00" hostname="agent-env-a6c7c7b0-5cf4-4640-8ef9-dbd2c4f9c19d"><testcase classname="backend.tests.test_quiz_scores.TestQuizScoreEndpoints" name="test_post_quiz_score_saves_record" time="0.285" /><testcase classname="backend.tests.test_quiz_scores.TestQuizScoreEndpoints" name="test_post_quiz_score_zero_gradable_returns_zero_pct" time="0.116" /><testcase classname="backend.tests.test_quiz_scores.TestQuizScoreEndpoints" name="test_post_quiz_score_perfect_score" time="0.151" /><testcase classname="backend.tests.test_quiz_scores.TestQuizScoreEndpoints" name="test_post_quiz_score_partial_score" time="0.119" /><testcase classname="backend.tests.test_quiz_scores.TestQuizScoreEndpoints" name="test_get_quiz_scores_returns_list" time="0.162" /><testcase classname="backend.tests.test_quiz_scores.TestAnalyticsQuizScores" name="test_analytics_includes_quiz_scores_object" time="0.128" /><testcase classname="backend.tests.test_quiz_scores.TestAnalyticsQuizScores" name="test_analytics_avg_accuracy_calculation" time="0.111" /><testcase classname="backend.tests.test_quiz_scores.TestAnalyticsQuizScores" name="test_analytics_subject_accuracy_structure" time="0.115" /><testcase classname="backend.tests.test_quiz_scores.TestAnalyticsQuizScores" name="test_analytics_score_trend_structure" time="0.134" /><testcase classname="backend.tests.test_quiz_scores.TestAnalyticsQuizScores" name="test_analytics_existing_features_still_work" time="0.113" /></testsuite></testsuites>