<?xml version="1.0" encoding="utf-8"?><testsuites name="pytest tests"><testsuite name="pytest" errors="0" failures="0" skipped="0" tests="24" time="3.416" timestamp="2026-04-20T10:44:14.945547+00:00" hostname="agent-env-a6c7c7b0-5cf4-4640-8ef9-dbd2c4f9c19d"><testcase classname="backend.tests.test_streaks_export.TestStreakTracking" name="test_analytics_includes_streaks_object" time="0.280" /><testcase classname="backend.tests.test_streaks_export.TestStreakTracking" name="test_streaks_has_current_streak" time="0.111" /><testcase classname="backend.tests.test_streaks_export.TestStreakTracking" name="test_streaks_has_longest_streak" time="0.109" /><testcase classname="backend.tests.test_streaks_export.TestStreakTracking" name="test_streaks_has_total_active_days" time="0.136" /><testcase classname="backend.tests.test_streaks_export.TestStreakTracking" name="test_streaks_has_weekly_heatmap" time="0.161" /><testcase classname="backend.tests.test_streaks_export.TestStreakTracking" name="test_weekly_heatmap_has_49_entries" time="0.114" /><testcase classname="backend.tests.test_streaks_export.TestStreakTracking" name="test_weekly_heatmap_entry_structure" time="0.164" /><testcase classname="backend.tests.test_streaks_export.TestStreakTracking" name="test_heatmap_dates_are_valid" time="0.116" /><testcase classname="backend.tests.test_streaks_export.TestStreakTracking" name="test_heatmap_covers_last_49_days" time="0.165" /><testcase classname="backend.tests.test_streaks_export.TestStreakTracking" name="test_current_streak_logic" time="0.110" /><testcase classname="backend.tests.test_streaks_export.TestExportAnalytics" name="test_export_endpoint_returns_200" time="0.153" /><testcase classname="backend.tests.test_streaks_export.TestExportAnalytics" name="test_export_returns_report_string" time="0.117" /><testcase classname="backend.tests.test_streaks_export.TestExportAnalytics" name="test_export_has_studyforge_header" time="0.109" /><testcase classname="backend.tests.test_streaks_export.TestExportAnalytics" name="test_export_has_overview_section" time="0.119" /><testcase classname="backend.tests.test_streaks_export.TestExportAnalytics" name="test_export_has_study_streaks_section" time="0.162" /><testcase classname="backend.tests.test_streaks_export.TestExportAnalytics" name="test_export_has_quiz_performance_section" time="0.111" /><testcase classname="backend.tests.test_streaks_export.TestExportAnalytics" name="test_export_has_top_subjects_section" time="0.110" /><testcase classname="backend.tests.test_streaks_export.TestExportAnalytics" name="test_export_overview_contains_counts" time="0.109" /><testcase classname="backend.tests.test_streaks_export.TestExportAnalytics" name="test_export_streaks_contains_values" time="0.116" /><testcase classname="backend.tests.test_streaks_export.TestExportAnalytics" name="test_export_has_footer" time="0.103" /><testcase classname="backend.tests.test_streaks_export.TestExistingAnalyticsFeatures" name="test_analytics_still_has_totals" time="0.152" /><testcase classname="backend.tests.test_streaks_export.TestExistingAnalyticsFeatures" name="test_analytics_still_has_subject_breakdown" time="0.106" /><testcase classname="backend.tests.test_streaks_export.TestExistingAnalyticsFeatures" name="test_analytics_still_has_quiz_scores" time="0.106" /><testcase classname="backend.tests.test_streaks_export.TestExistingAnalyticsFeatures" name="test_analytics_still_has_activity_timeline" time="0.109" /></testsuite></testsuites>